<?xml version="1.0" encoding="UTF-8"?>
<testsuite name="com.awakenguys.kmitl.ladkrabangcountry.LCServerApplicationTests" tests="1" skipped="0" failures="0" errors="0" timestamp="2015-11-03T18:19:46" hostname="Xynchronize" time="0.025">
  <properties/>
  <testcase name="contextLoads" classname="com.awakenguys.kmitl.ladkrabangcountry.LCServerApplicationTests" time="0.025"/>
  <system-out><![CDATA[01:19:43.741 [Test worker] DEBUG o.s.t.c.j.SpringJUnit4ClassRunner - SpringJUnit4ClassRunner constructor called with [class com.awakenguys.kmitl.ladkrabangcountry.LCServerApplicationTests]
01:19:43.752 [Test worker] DEBUG o.s.test.context.BootstrapUtils - Instantiating TestContextBootstrapper from class [org.springframework.test.context.support.DefaultTestContextBootstrapper]
01:19:43.766 [Test worker] DEBUG o.s.t.c.s.DefaultTestContextBootstrapper - Found explicit ContextLoader class [org.springframework.boot.test.SpringApplicationContextLoader] for context configuration attributes [ContextConfigurationAttributes@33b1fdef declaringClass = 'com.awakenguys.kmitl.ladkrabangcountry.LCServerApplicationTests', classes = '{class com.awakenguys.kmitl.ladkrabangcountry.LCServerApplication}', locations = '{}', inheritLocations = true, initializers = '{}', inheritInitializers = true, name = [null], contextLoaderClass = 'org.springframework.boot.test.SpringApplicationContextLoader']
01:19:43.773 [Test worker] DEBUG o.s.t.c.support.ActiveProfilesUtils - Could not find an 'annotation declaring class' for annotation type [org.springframework.test.context.ActiveProfiles] and class [com.awakenguys.kmitl.ladkrabangcountry.LCServerApplicationTests]
01:19:43.778 [Test worker] DEBUG o.s.t.c.s.DefaultTestContextBootstrapper - @TestExecutionListeners is not present for class [com.awakenguys.kmitl.ladkrabangcountry.LCServerApplicationTests]: using defaults.
01:19:43.787 [Test worker] INFO  o.s.t.c.s.DefaultTestContextBootstrapper - Loaded default TestExecutionListener class names from location [META-INF/spring.factories]: [org.springframework.test.context.web.ServletTestExecutionListener, org.springframework.test.context.support.DependencyInjectionTestExecutionListener, org.springframework.test.context.support.DirtiesContextTestExecutionListener, org.springframework.test.context.transaction.TransactionalTestExecutionListener, org.springframework.test.context.jdbc.SqlScriptsTestExecutionListener]
01:19:43.806 [Test worker] INFO  o.s.t.c.s.DefaultTestContextBootstrapper - Using TestExecutionListeners: [org.springframework.test.context.web.ServletTestExecutionListener@4e28a1c1, org.springframework.test.context.support.DependencyInjectionTestExecutionListener@63d172c8, org.springframework.test.context.support.DirtiesContextTestExecutionListener@3ecafa22, org.springframework.test.context.transaction.TransactionalTestExecutionListener@503ab8b2, org.springframework.test.context.jdbc.SqlScriptsTestExecutionListener@5b173ddd]
01:19:43.809 [Test worker] DEBUG o.s.t.annotation.ProfileValueUtils - Retrieved @ProfileValueSourceConfiguration [null] for test class [com.awakenguys.kmitl.ladkrabangcountry.LCServerApplicationTests]
01:19:43.810 [Test worker] DEBUG o.s.t.annotation.ProfileValueUtils - Retrieved ProfileValueSource type [class org.springframework.test.annotation.SystemProfileValueSource] for class [com.awakenguys.kmitl.ladkrabangcountry.LCServerApplicationTests]
01:19:43.810 [Test worker] DEBUG o.s.t.annotation.ProfileValueUtils - Retrieved @ProfileValueSourceConfiguration [null] for test class [com.awakenguys.kmitl.ladkrabangcountry.LCServerApplicationTests]
01:19:43.810 [Test worker] DEBUG o.s.t.annotation.ProfileValueUtils - Retrieved ProfileValueSource type [class org.springframework.test.annotation.SystemProfileValueSource] for class [com.awakenguys.kmitl.ladkrabangcountry.LCServerApplicationTests]
01:19:43.812 [Test worker] DEBUG o.s.t.annotation.ProfileValueUtils - Retrieved @ProfileValueSourceConfiguration [null] for test class [com.awakenguys.kmitl.ladkrabangcountry.LCServerApplicationTests]
01:19:43.813 [Test worker] DEBUG o.s.t.annotation.ProfileValueUtils - Retrieved ProfileValueSource type [class org.springframework.test.annotation.SystemProfileValueSource] for class [com.awakenguys.kmitl.ladkrabangcountry.LCServerApplicationTests]
01:19:43.814 [Test worker] DEBUG o.s.t.c.s.DependencyInjectionTestExecutionListener - Performing dependency injection for test context [[DefaultTestContext@f0cb1d0 testClass = LCServerApplicationTests, testInstance = com.awakenguys.kmitl.ladkrabangcountry.LCServerApplicationTests@47693bac, testMethod = [null], testException = [null], mergedContextConfiguration = [MergedContextConfiguration@2991ee86 testClass = LCServerApplicationTests, locations = '{}', classes = '{class com.awakenguys.kmitl.ladkrabangcountry.LCServerApplication}', contextInitializerClasses = '[]', activeProfiles = '{}', propertySourceLocations = '{}', propertySourceProperties = '{}', contextLoader = 'org.springframework.boot.test.SpringApplicationContextLoader', parent = [null]]]].
01:19:43.867 [Test worker] DEBUG o.s.core.env.StandardEnvironment - Adding [systemProperties] PropertySource with lowest search precedence
01:19:43.868 [Test worker] DEBUG o.s.core.env.StandardEnvironment - Adding [systemEnvironment] PropertySource with lowest search precedence
01:19:43.868 [Test worker] DEBUG o.s.core.env.StandardEnvironment - Initialized StandardEnvironment with PropertySources [systemProperties,systemEnvironment]
01:19:43.870 [Test worker] DEBUG o.s.core.env.StandardEnvironment - Adding [integrationTest] PropertySource with search precedence immediately lower than [systemEnvironment]

  .   ____          _            __ _ _
 /\\ / ___'_ __ _ _(_)_ __  __ _ \ \ \ \
( ( )\___ | '_ | '_| | '_ \/ _` | \ \ \ \
 \\/  ___)| |_)| | | | | || (_| |  ) ) ) )
  '  |____| .__|_| |_|_| |_\__, | / / / /
 =========|_|==============|___/=/_/_/_/
 :: Spring Boot ::        (v1.2.7.RELEASE)

2015-11-04 01:19:44.082  INFO 5456 --- [    Test worker] c.a.k.l.LCServerApplicationTests         : Starting LCServerApplicationTests on Xynchronize with PID 5456 (D:\GitHub\LCServer\build\classes\test started by Xync in D:\GitHub\LCServer)
2015-11-04 01:19:44.111  INFO 5456 --- [    Test worker] s.c.a.AnnotationConfigApplicationContext : Refreshing org.springframework.context.annotation.AnnotationConfigApplicationContext@79305c78: startup date [Wed Nov 04 01:19:44 ICT 2015]; root of context hierarchy
2015-11-04 01:19:46.541  INFO 5456 --- [    Test worker] c.a.k.l.LCServerApplicationTests         : Started LCServerApplicationTests in 2.669 seconds (JVM running for 3.692)
]]></system-out>
  <system-err><![CDATA[]]></system-err>
</testsuite>
