<?xml version="1.0" encoding="UTF-8"?>
<testsuite name="com.awakenguys.kmitl.ladkrabangcountry.LCServerApplicationTests" tests="1" skipped="0" failures="0" errors="0" timestamp="2015-11-02T19:10:17" hostname="Xynchronize" time="0.003">
  <properties/>
  <testcase name="contextLoads" classname="com.awakenguys.kmitl.ladkrabangcountry.LCServerApplicationTests" time="0.003"/>
  <system-out><![CDATA[02:10:14.691 [Test worker] DEBUG o.s.t.c.j.SpringJUnit4ClassRunner - SpringJUnit4ClassRunner constructor called with [class com.awakenguys.kmitl.ladkrabangcountry.LCServerApplicationTests]
02:10:14.704 [Test worker] DEBUG o.s.test.context.BootstrapUtils - Instantiating TestContextBootstrapper from class [org.springframework.test.context.support.DefaultTestContextBootstrapper]
02:10:14.718 [Test worker] DEBUG o.s.t.c.s.DefaultTestContextBootstrapper - Found explicit ContextLoader class [org.springframework.boot.test.SpringApplicationContextLoader] for context configuration attributes [ContextConfigurationAttributes@6b4c788a declaringClass = 'com.awakenguys.kmitl.ladkrabangcountry.LCServerApplicationTests', classes = '{class com.awakenguys.kmitl.ladkrabangcountry.LCServerApplication}', locations = '{}', inheritLocations = true, initializers = '{}', inheritInitializers = true, name = [null], contextLoaderClass = 'org.springframework.boot.test.SpringApplicationContextLoader']
02:10:14.725 [Test worker] DEBUG o.s.t.c.support.ActiveProfilesUtils - Could not find an 'annotation declaring class' for annotation type [org.springframework.test.context.ActiveProfiles] and class [com.awakenguys.kmitl.ladkrabangcountry.LCServerApplicationTests]
02:10:14.729 [Test worker] DEBUG o.s.t.c.s.DefaultTestContextBootstrapper - @TestExecutionListeners is not present for class [com.awakenguys.kmitl.ladkrabangcountry.LCServerApplicationTests]: using defaults.
02:10:14.738 [Test worker] INFO  o.s.t.c.s.DefaultTestContextBootstrapper - Loaded default TestExecutionListener class names from location [META-INF/spring.factories]: [org.springframework.test.context.web.ServletTestExecutionListener, org.springframework.test.context.support.DependencyInjectionTestExecutionListener, org.springframework.test.context.support.DirtiesContextTestExecutionListener, org.springframework.test.context.transaction.TransactionalTestExecutionListener, org.springframework.test.context.jdbc.SqlScriptsTestExecutionListener]
02:10:14.754 [Test worker] INFO  o.s.t.c.s.DefaultTestContextBootstrapper - Using TestExecutionListeners: [org.springframework.test.context.web.ServletTestExecutionListener@e58d9e4, org.springframework.test.context.support.DependencyInjectionTestExecutionListener@76b64b20, org.springframework.test.context.support.DirtiesContextTestExecutionListener@7aa5f9bb, org.springframework.test.context.transaction.TransactionalTestExecutionListener@39d78f3c, org.springframework.test.context.jdbc.SqlScriptsTestExecutionListener@7108f61b]
02:10:14.758 [Test worker] DEBUG o.s.t.annotation.ProfileValueUtils - Retrieved @ProfileValueSourceConfiguration [null] for test class [com.awakenguys.kmitl.ladkrabangcountry.LCServerApplicationTests]
02:10:14.758 [Test worker] DEBUG o.s.t.annotation.ProfileValueUtils - Retrieved ProfileValueSource type [class org.springframework.test.annotation.SystemProfileValueSource] for class [com.awakenguys.kmitl.ladkrabangcountry.LCServerApplicationTests]
02:10:14.759 [Test worker] DEBUG o.s.t.annotation.ProfileValueUtils - Retrieved @ProfileValueSourceConfiguration [null] for test class [com.awakenguys.kmitl.ladkrabangcountry.LCServerApplicationTests]
02:10:14.759 [Test worker] DEBUG o.s.t.annotation.ProfileValueUtils - Retrieved ProfileValueSource type [class org.springframework.test.annotation.SystemProfileValueSource] for class [com.awakenguys.kmitl.ladkrabangcountry.LCServerApplicationTests]
02:10:14.762 [Test worker] DEBUG o.s.t.annotation.ProfileValueUtils - Retrieved @ProfileValueSourceConfiguration [null] for test class [com.awakenguys.kmitl.ladkrabangcountry.LCServerApplicationTests]
02:10:14.762 [Test worker] DEBUG o.s.t.annotation.ProfileValueUtils - Retrieved ProfileValueSource type [class org.springframework.test.annotation.SystemProfileValueSource] for class [com.awakenguys.kmitl.ladkrabangcountry.LCServerApplicationTests]
02:10:14.764 [Test worker] DEBUG o.s.t.c.s.DependencyInjectionTestExecutionListener - Performing dependency injection for test context [[DefaultTestContext@45a97bd8 testClass = LCServerApplicationTests, testInstance = com.awakenguys.kmitl.ladkrabangcountry.LCServerApplicationTests@2427ccb4, testMethod = [null], testException = [null], mergedContextConfiguration = [MergedContextConfiguration@5ecc728d testClass = LCServerApplicationTests, locations = '{}', classes = '{class com.awakenguys.kmitl.ladkrabangcountry.LCServerApplication}', contextInitializerClasses = '[]', activeProfiles = '{}', propertySourceLocations = '{}', propertySourceProperties = '{}', contextLoader = 'org.springframework.boot.test.SpringApplicationContextLoader', parent = [null]]]].
02:10:14.822 [Test worker] DEBUG o.s.core.env.StandardEnvironment - Adding [systemProperties] PropertySource with lowest search precedence
02:10:14.823 [Test worker] DEBUG o.s.core.env.StandardEnvironment - Adding [systemEnvironment] PropertySource with lowest search precedence
02:10:14.823 [Test worker] DEBUG o.s.core.env.StandardEnvironment - Initialized StandardEnvironment with PropertySources [systemProperties,systemEnvironment]
02:10:14.825 [Test worker] DEBUG o.s.core.env.StandardEnvironment - Adding [integrationTest] PropertySource with search precedence immediately lower than [systemEnvironment]

  .   ____          _            __ _ _
 /\\ / ___'_ __ _ _(_)_ __  __ _ \ \ \ \
( ( )\___ | '_ | '_| | '_ \/ _` | \ \ \ \
 \\/  ___)| |_)| | | | | || (_| |  ) ) ) )
  '  |____| .__|_| |_|_| |_\__, | / / / /
 =========|_|==============|___/=/_/_/_/
 :: Spring Boot ::        (v1.2.7.RELEASE)

2015-11-03 02:10:15.034  INFO 4512 --- [    Test worker] c.a.k.l.LCServerApplicationTests         : Starting LCServerApplicationTests on Xynchronize with PID 4512 (D:\GitHub\LCServer\build\classes\test started by Xync in D:\GitHub\LCServer)
2015-11-03 02:10:15.069  INFO 4512 --- [    Test worker] s.c.a.AnnotationConfigApplicationContext : Refreshing org.springframework.context.annotation.AnnotationConfigApplicationContext@4cf070e3: startup date [Tue Nov 03 02:10:15 ICT 2015]; root of context hierarchy
2015-11-03 02:10:17.690  INFO 4512 --- [    Test worker] c.a.k.l.LCServerApplicationTests         : Started LCServerApplicationTests in 2.863 seconds (JVM running for 3.751)
]]></system-out>
  <system-err><![CDATA[]]></system-err>
</testsuite>
